<?xml version="1.0" encoding="UTF-8"?>
<testng-results ignored="0" total="3" passed="3" failed="0" skipped="0">
  <reporter-output>
  </reporter-output>
  <suite started-at="2022-07-09T13:50:54 AEST" name="Default suite" finished-at="2022-07-09T13:51:52 AEST" duration-ms="57988">
    <groups>
      <group name="cucumber">
        <method signature="AbstractTestNGCucumberTests.runScenario(io.cucumber.testng.PickleWrapper,io.cucumber.testng.FeatureWrapper)[pri:0, instance:com.bdd.runner.TestRunner@64b73e7a]" name="runScenario" class="io.cucumber.testng.AbstractTestNGCucumberTests"/>
      </group> <!-- cucumber -->
    </groups>
    <test started-at="2022-07-09T13:50:54 AEST" name="Default test" finished-at="2022-07-09T13:51:52 AEST" duration-ms="57988">
      <class name="com.bdd.runner.TestRunner">
        <test-method is-config="true" signature="setUpClass()[pri:0, instance:com.bdd.runner.TestRunner@64b73e7a]" started-at="2022-07-09T13:50:54 AEST" name="setUpClass" finished-at="2022-07-09T13:50:54 AEST" duration-ms="123" status="PASS">
          <reporter-output>
          </reporter-output>
        </test-method> <!-- setUpClass -->
        <test-method signature="runScenario(io.cucumber.testng.PickleWrapper,io.cucumber.testng.FeatureWrapper)[pri:0, instance:com.bdd.runner.TestRunner@64b73e7a]" started-at="2022-07-09T13:50:54 AEST" name="runScenario" description="Runs Cucumber Scenarios" data-provider="scenarios" finished-at="2022-07-09T13:51:14 AEST" duration-ms="19256" status="PASS">
          <params>
            <param index="0">
              <value>
                <![CDATA["Add Field validations"]]>
              </value>
            </param>
            <param index="1">
              <value>
                <![CDATA["Optional[Login functionality]"]]>
              </value>
            </param>
          </params>
          <reporter-output>
          </reporter-output>
        </test-method> <!-- runScenario -->
        <test-method signature="runScenario(io.cucumber.testng.PickleWrapper,io.cucumber.testng.FeatureWrapper)[pri:0, instance:com.bdd.runner.TestRunner@64b73e7a]" started-at="2022-07-09T13:51:14 AEST" name="runScenario" description="Runs Cucumber Scenarios" data-provider="scenarios" finished-at="2022-07-09T13:51:29 AEST" duration-ms="15841" status="PASS">
          <params>
            <param index="0">
              <value>
                <![CDATA["Add Field validations"]]>
              </value>
            </param>
            <param index="1">
              <value>
                <![CDATA["Optional[Login functionality]"]]>
              </value>
            </param>
          </params>
          <reporter-output>
          </reporter-output>
        </test-method> <!-- runScenario -->
        <test-method signature="runScenario(io.cucumber.testng.PickleWrapper,io.cucumber.testng.FeatureWrapper)[pri:0, instance:com.bdd.runner.TestRunner@64b73e7a]" started-at="2022-07-09T13:51:29 AEST" name="runScenario" description="Runs Cucumber Scenarios" data-provider="scenarios" finished-at="2022-07-09T13:51:52 AEST" duration-ms="22532" status="PASS">
          <params>
            <param index="0">
              <value>
                <![CDATA["Add Field validations"]]>
              </value>
            </param>
            <param index="1">
              <value>
                <![CDATA["Optional[Login functionality]"]]>
              </value>
            </param>
          </params>
          <reporter-output>
          </reporter-output>
        </test-method> <!-- runScenario -->
        <test-method is-config="true" signature="tearDownClass()[pri:0, instance:com.bdd.runner.TestRunner@64b73e7a]" started-at="2022-07-09T13:51:52 AEST" name="tearDownClass" finished-at="2022-07-09T13:51:52 AEST" duration-ms="160" status="PASS">
          <reporter-output>
          </reporter-output>
        </test-method> <!-- tearDownClass -->
      </class> <!-- com.bdd.runner.TestRunner -->
    </test> <!-- Default test -->
  </suite> <!-- Default suite -->
</testng-results>
