<?xml version="1.0" encoding="UTF-8"?>
<testng-results ignored="0" total="3" passed="3" failed="0" skipped="0">
  <reporter-output>
  </reporter-output>
  <suite started-at="2022-07-28T20:05:59 AEST" name="Default suite" finished-at="2022-07-28T20:07:23 AEST" duration-ms="83392">
    <groups>
      <group name="cucumber">
        <method signature="AbstractTestNGCucumberTests.runScenario(io.cucumber.testng.PickleWrapper,io.cucumber.testng.FeatureWrapper)[pri:0, instance:com.bdd.runner.TestRunner@49cb9cb5]" name="runScenario" class="io.cucumber.testng.AbstractTestNGCucumberTests"/>
      </group> <!-- cucumber -->
    </groups>
    <test started-at="2022-07-28T20:05:59 AEST" name="Default test" finished-at="2022-07-28T20:07:23 AEST" duration-ms="83392">
      <class name="com.bdd.runner.TestRunner">
        <test-method is-config="true" signature="setUpClass()[pri:0, instance:com.bdd.runner.TestRunner@49cb9cb5]" started-at="2022-07-28T20:05:59 AEST" name="setUpClass" finished-at="2022-07-28T20:05:59 AEST" duration-ms="147" status="PASS">
          <reporter-output>
          </reporter-output>
        </test-method> <!-- setUpClass -->
        <test-method signature="runScenario(io.cucumber.testng.PickleWrapper,io.cucumber.testng.FeatureWrapper)[pri:0, instance:com.bdd.runner.TestRunner@49cb9cb5]" started-at="2022-07-28T20:05:59 AEST" name="runScenario" description="Runs Cucumber Scenarios" data-provider="scenarios" finished-at="2022-07-28T20:06:28 AEST" duration-ms="28402" status="PASS">
          <params>
            <param index="0">
              <value>
                <![CDATA["Add Employee and check for employee picture upload - Browser "chrome""]]>
              </value>
            </param>
            <param index="1">
              <value>
                <![CDATA["Optional[PIM->Add employee validations]"]]>
              </value>
            </param>
          </params>
          <reporter-output>
          </reporter-output>
        </test-method> <!-- runScenario -->
        <test-method signature="runScenario(io.cucumber.testng.PickleWrapper,io.cucumber.testng.FeatureWrapper)[pri:0, instance:com.bdd.runner.TestRunner@49cb9cb5]" started-at="2022-07-28T20:06:28 AEST" name="runScenario" description="Runs Cucumber Scenarios" data-provider="scenarios" finished-at="2022-07-28T20:06:54 AEST" duration-ms="25825" status="PASS">
          <params>
            <param index="0">
              <value>
                <![CDATA["Add Employee and check for employee picture upload - Browser "edge""]]>
              </value>
            </param>
            <param index="1">
              <value>
                <![CDATA["Optional[PIM->Add employee validations]"]]>
              </value>
            </param>
          </params>
          <reporter-output>
          </reporter-output>
        </test-method> <!-- runScenario -->
        <test-method signature="runScenario(io.cucumber.testng.PickleWrapper,io.cucumber.testng.FeatureWrapper)[pri:0, instance:com.bdd.runner.TestRunner@49cb9cb5]" started-at="2022-07-28T20:06:54 AEST" name="runScenario" description="Runs Cucumber Scenarios" data-provider="scenarios" finished-at="2022-07-28T20:07:22 AEST" duration-ms="28789" status="PASS">
          <params>
            <param index="0">
              <value>
                <![CDATA["Add Employee and check for employee picture upload - Browser "firefox""]]>
              </value>
            </param>
            <param index="1">
              <value>
                <![CDATA["Optional[PIM->Add employee validations]"]]>
              </value>
            </param>
          </params>
          <reporter-output>
          </reporter-output>
        </test-method> <!-- runScenario -->
        <test-method is-config="true" signature="tearDownClass()[pri:0, instance:com.bdd.runner.TestRunner@49cb9cb5]" started-at="2022-07-28T20:07:22 AEST" name="tearDownClass" finished-at="2022-07-28T20:07:23 AEST" duration-ms="154" status="PASS">
          <reporter-output>
          </reporter-output>
        </test-method> <!-- tearDownClass -->
      </class> <!-- com.bdd.runner.TestRunner -->
    </test> <!-- Default test -->
  </suite> <!-- Default suite -->
</testng-results>
